This file contains any messages produced by compilers while
running configure, to aid debugging if configure makes a mistake.

It was created by vine configure 1.0, which was
generated by GNU Autoconf 2.63.  Invocation command line was

  $ ./configure 

## --------- ##
## Platform. ##
## --------- ##

hostname = Artisanal
uname -m = x86_64
uname -r = 3.2.0-23-generic
uname -s = Linux
uname -v = #36-Ubuntu SMP Tue Apr 10 20:39:51 UTC 2012

/usr/bin/uname -p = unknown
/bin/uname -X     = unknown

/bin/arch              = unknown
/usr/bin/arch -k       = unknown
/usr/convex/getsysinfo = unknown
/usr/bin/hostinfo      = unknown
/bin/machine           = unknown
/usr/bin/oslevel       = unknown
/bin/universe          = unknown

PATH: /usr/lib/lightdm/lightdm
PATH: /usr/local/sbin
PATH: /usr/local/bin
PATH: /usr/sbin
PATH: /usr/bin
PATH: /sbin
PATH: /bin
PATH: /usr/games


## ----------- ##
## Core tests. ##
## ----------- ##

configure:1912: checking for a BSD-compatible install
configure:1980: result: /usr/bin/install -c
configure:1991: checking whether build environment is sane
configure:2034: result: yes
configure:2059: checking for a thread-safe mkdir -p
configure:2098: result: /bin/mkdir -p
configure:2111: checking for gawk
configure:2127: found /usr/bin/gawk
configure:2138: result: gawk
configure:2149: checking whether make sets $(MAKE)
configure:2171: result: yes
configure:2551: checking for g++
configure:2567: found /usr/bin/g++
configure:2578: result: g++
configure:2605: checking for C++ compiler version
configure:2613: g++ --version >&5
g++-4.6.real (Ubuntu/Linaro 4.6.3-1ubuntu5) 4.6.3
Copyright (C) 2011 Free Software Foundation, Inc.
This is free software; see the source for copying conditions.  There is NO
warranty; not even for MERCHANTABILITY or FITNESS FOR A PARTICULAR PURPOSE.

configure:2617: $? = 0
configure:2624: g++ -v >&5
Using built-in specs.
COLLECT_GCC=/usr/bin/g++-4.6.real
COLLECT_LTO_WRAPPER=/usr/lib/gcc/x86_64-linux-gnu/4.6/lto-wrapper
Target: x86_64-linux-gnu
Configured with: ../src/configure -v --with-pkgversion='Ubuntu/Linaro 4.6.3-1ubuntu5' --with-bugurl=file:///usr/share/doc/gcc-4.6/README.Bugs --enable-languages=c,c++,fortran,objc,obj-c++ --prefix=/usr --program-suffix=-4.6 --enable-shared --enable-linker-build-id --with-system-zlib --libexecdir=/usr/lib --without-included-gettext --enable-threads=posix --with-gxx-include-dir=/usr/include/c++/4.6 --libdir=/usr/lib --enable-nls --with-sysroot=/ --enable-clocale=gnu --enable-libstdcxx-debug --enable-libstdcxx-time=yes --enable-gnu-unique-object --enable-plugin --enable-objc-gc --disable-werror --with-arch-32=i686 --with-tune=generic --enable-checking=release --build=x86_64-linux-gnu --host=x86_64-linux-gnu --target=x86_64-linux-gnu
Thread model: posix
gcc version 4.6.3 (Ubuntu/Linaro 4.6.3-1ubuntu5) 
configure:2628: $? = 0
configure:2635: g++ -V >&5
g++-4.6.real: error: unrecognized option '-V'
g++-4.6.real: fatal error: no input files
compilation terminated.
configure:2639: $? = 4
configure:2662: checking for C++ compiler default output file name
configure:2684: g++    conftest.cpp  >&5
configure:2688: $? = 0
configure:2726: result: a.out
configure:2745: checking whether the C++ compiler works
configure:2755: ./a.out
configure:2759: $? = 0
configure:2778: result: yes
configure:2785: checking whether we are cross compiling
configure:2787: result: no
configure:2790: checking for suffix of executables
configure:2797: g++ -o conftest    conftest.cpp  >&5
configure:2801: $? = 0
configure:2827: result: 
configure:2833: checking for suffix of object files
configure:2859: g++ -c   conftest.cpp >&5
configure:2863: $? = 0
configure:2888: result: o
configure:2892: checking whether we are using the GNU C++ compiler
configure:2921: g++ -c   conftest.cpp >&5
configure:2928: $? = 0
configure:2945: result: yes
configure:2954: checking whether g++ accepts -g
configure:2984: g++ -c -g  conftest.cpp >&5
configure:2991: $? = 0
configure:3092: result: yes
configure:3126: checking for style of include used by make
configure:3154: result: GNU
configure:3179: checking dependency style of g++
configure:3270: result: gcc3
configure:3333: checking for gcc
configure:3349: found /usr/bin/gcc
configure:3360: result: gcc
configure:3592: checking for C compiler version
configure:3600: gcc --version >&5
gcc-4.6.real (Ubuntu/Linaro 4.6.3-1ubuntu5) 4.6.3
Copyright (C) 2011 Free Software Foundation, Inc.
This is free software; see the source for copying conditions.  There is NO
warranty; not even for MERCHANTABILITY or FITNESS FOR A PARTICULAR PURPOSE.

configure:3604: $? = 0
configure:3611: gcc -v >&5
Using built-in specs.
COLLECT_GCC=/usr/bin/gcc-4.6.real
COLLECT_LTO_WRAPPER=/usr/lib/gcc/x86_64-linux-gnu/4.6/lto-wrapper
Target: x86_64-linux-gnu
Configured with: ../src/configure -v --with-pkgversion='Ubuntu/Linaro 4.6.3-1ubuntu5' --with-bugurl=file:///usr/share/doc/gcc-4.6/README.Bugs --enable-languages=c,c++,fortran,objc,obj-c++ --prefix=/usr --program-suffix=-4.6 --enable-shared --enable-linker-build-id --with-system-zlib --libexecdir=/usr/lib --without-included-gettext --enable-threads=posix --with-gxx-include-dir=/usr/include/c++/4.6 --libdir=/usr/lib --enable-nls --with-sysroot=/ --enable-clocale=gnu --enable-libstdcxx-debug --enable-libstdcxx-time=yes --enable-gnu-unique-object --enable-plugin --enable-objc-gc --disable-werror --with-arch-32=i686 --with-tune=generic --enable-checking=release --build=x86_64-linux-gnu --host=x86_64-linux-gnu --target=x86_64-linux-gnu
Thread model: posix
gcc version 4.6.3 (Ubuntu/Linaro 4.6.3-1ubuntu5) 
configure:3615: $? = 0
configure:3622: gcc -V >&5
gcc-4.6.real: error: unrecognized option '-V'
gcc-4.6.real: fatal error: no input files
compilation terminated.
configure:3626: $? = 4
configure:3629: checking whether we are using the GNU C compiler
configure:3658: gcc -c   conftest.c >&5
configure:3665: $? = 0
configure:3682: result: yes
configure:3691: checking whether gcc accepts -g
configure:3721: gcc -c -g  conftest.c >&5
configure:3728: $? = 0
configure:3829: result: yes
configure:3846: checking for gcc option to accept ISO C89
configure:3920: gcc  -c -g -O2  conftest.c >&5
configure:3927: $? = 0
configure:3950: result: none needed
configure:3970: checking dependency style of gcc
configure:4061: result: gcc3
configure:4076: checking whether make sets $(MAKE)
configure:4098: result: yes
configure:4150: checking for ranlib
configure:4166: found /usr/bin/ranlib
configure:4177: result: ranlib
configure:4221: checking for ocamlc
configure:4239: found /usr/bin/ocamlc
configure:4251: result: /usr/bin/ocamlc
configure:4267: checking for OCaml version
configure:4270: result: 3.12.1
configure:4310: checking for OCaml library path
configure:4313: result: /usr/lib/ocaml
configure:4321: checking for ocamlc.opt
configure:4339: found /usr/bin/ocamlc.opt
configure:4351: result: /usr/bin/ocamlc.opt
configure:4367: checking for ocamlc.opt version
configure:4370: result: 3.12.1
configure:4391: checking for ocamlopt
configure:4409: found /usr/bin/ocamlopt
configure:4421: result: /usr/bin/ocamlopt
configure:4437: checking for ocamlopt version
configure:4440: result: 3.12.1
configure:4455: checking if OCaml C compiler works
configure:4458: result: yes
configure:4476: checking for ocamlopt.opt
configure:4494: found /usr/bin/ocamlopt.opt
configure:4506: result: /usr/bin/ocamlopt.opt
configure:4522: checking for ocamlopt.opt version
configure:4525: result: 3.12.1
configure:4546: checking for ocamldep
configure:4564: found /usr/bin/ocamldep
configure:4576: result: /usr/bin/ocamldep
configure:4595: checking for ocamldep.opt
configure:4613: found /usr/bin/ocamldep.opt
configure:4625: result: /usr/bin/ocamldep.opt
configure:4647: checking for ocamlmktop
configure:4665: found /usr/bin/ocamlmktop
configure:4677: result: /usr/bin/ocamlmktop
configure:4695: checking for ocamlmklib
configure:4713: found /usr/bin/ocamlmklib
configure:4725: result: /usr/bin/ocamlmklib
configure:4743: checking for ocamldoc
configure:4761: found /usr/bin/ocamldoc
configure:4773: result: /usr/bin/ocamldoc
configure:4792: checking for ocamldoc.opt
configure:4810: found /usr/bin/ocamldoc.opt
configure:4822: result: /usr/bin/ocamldoc.opt
configure:4844: checking for ocamllex
configure:4862: found /usr/bin/ocamllex
configure:4874: result: /usr/bin/ocamllex
configure:4893: checking for ocamllex.opt
configure:4911: found /usr/bin/ocamllex.opt
configure:4923: result: /usr/bin/ocamllex.opt
configure:4945: checking for ocamlyacc
configure:4963: found /usr/bin/ocamlyacc
configure:4975: result: /usr/bin/ocamlyacc
configure:4995: checking for ocamlfind
configure:5013: found /usr/bin/ocamlfind
configure:5025: result: /usr/bin/ocamlfind
configure:5045: checking for camlidl
configure:5063: found /usr/bin/camlidl
configure:5075: result: /usr/bin/camlidl
configure:5095: checking for latex
configure:5111: found /usr/bin/latex
configure:5122: result: latex
configure:5274: checking for bfd_init in -lbfd
configure:5309: gcc -o conftest -g -O2   conftest.c -lbfd   >&5
configure:5316: $? = 0
configure:5337: result: yes
configure:5349: checking for xmalloc in -liberty
configure:5384: gcc -o conftest -g -O2   conftest.c -liberty  -lbfd  >&5
configure:5391: $? = 0
configure:5412: result: yes
configure:5424: checking for LibVEX_Version in -lvex
configure:5459: gcc -o conftest -g -O2   conftest.c -lvex  -liberty -lbfd  >&5
/usr/bin/ld.bfd.real: cannot find -lvex
collect2: ld returned 1 exit status
configure:5466: $? = 1
configure: failed program was:
| /* confdefs.h.  */
| #define PACKAGE_NAME "vine"
| #define PACKAGE_TARNAME "vine"
| #define PACKAGE_VERSION "1.0"
| #define PACKAGE_STRING "vine 1.0"
| #define PACKAGE_BUGREPORT "bitblaze-users@googlegroups.com"
| #define PACKAGE "vine"
| #define VERSION "1.0"
| #define HAVE_LIBBFD 1
| #define HAVE_LIBIBERTY 1
| /* end confdefs.h.  */
| 
| /* Override any GCC internal prototype to avoid an error.
|    Use char because int might match the return type of a GCC
|    builtin and then its argument prototype would still apply.  */
| #ifdef __cplusplus
| extern "C"
| #endif
| char LibVEX_Version ();
| int
| main ()
| {
| return LibVEX_Version ();
|   ;
|   return 0;
| }
configure:5487: result: no
configure:5515: checking how to run the C preprocessor
configure:5555: gcc -E  conftest.c
configure:5562: $? = 0
configure:5593: gcc -E  conftest.c
conftest.c:12:28: fatal error: ac_nonexistent.h: No such file or directory
compilation terminated.
configure:5600: $? = 1
configure: failed program was:
| /* confdefs.h.  */
| #define PACKAGE_NAME "vine"
| #define PACKAGE_TARNAME "vine"
| #define PACKAGE_VERSION "1.0"
| #define PACKAGE_STRING "vine 1.0"
| #define PACKAGE_BUGREPORT "bitblaze-users@googlegroups.com"
| #define PACKAGE "vine"
| #define VERSION "1.0"
| #define HAVE_LIBBFD 1
| #define HAVE_LIBIBERTY 1
| /* end confdefs.h.  */
| #include <ac_nonexistent.h>
configure:5633: result: gcc -E
configure:5662: gcc -E  conftest.c
configure:5669: $? = 0
configure:5700: gcc -E  conftest.c
conftest.c:12:28: fatal error: ac_nonexistent.h: No such file or directory
compilation terminated.
configure:5707: $? = 1
configure: failed program was:
| /* confdefs.h.  */
| #define PACKAGE_NAME "vine"
| #define PACKAGE_TARNAME "vine"
| #define PACKAGE_VERSION "1.0"
| #define PACKAGE_STRING "vine 1.0"
| #define PACKAGE_BUGREPORT "bitblaze-users@googlegroups.com"
| #define PACKAGE "vine"
| #define VERSION "1.0"
| #define HAVE_LIBBFD 1
| #define HAVE_LIBIBERTY 1
| /* end confdefs.h.  */
| #include <ac_nonexistent.h>
configure:5747: checking for grep that handles long lines and -e
configure:5807: result: /bin/grep
configure:5812: checking for egrep
configure:5876: result: /bin/grep -E
configure:5881: checking for ANSI C header files
configure:5911: gcc -c -g -O2  conftest.c >&5
configure:5918: $? = 0
configure:6017: gcc -o conftest -g -O2   conftest.c -liberty -lbfd  >&5
configure:6021: $? = 0
configure:6027: ./conftest
configure:6031: $? = 0
configure:6049: result: yes
configure:6073: checking for sys/types.h
configure:6094: gcc -c -g -O2  conftest.c >&5
configure:6101: $? = 0
configure:6118: result: yes
configure:6073: checking for sys/stat.h
configure:6094: gcc -c -g -O2  conftest.c >&5
configure:6101: $? = 0
configure:6118: result: yes
configure:6073: checking for stdlib.h
configure:6094: gcc -c -g -O2  conftest.c >&5
configure:6101: $? = 0
configure:6118: result: yes
configure:6073: checking for string.h
configure:6094: gcc -c -g -O2  conftest.c >&5
configure:6101: $? = 0
configure:6118: result: yes
configure:6073: checking for memory.h
configure:6094: gcc -c -g -O2  conftest.c >&5
configure:6101: $? = 0
configure:6118: result: yes
configure:6073: checking for strings.h
configure:6094: gcc -c -g -O2  conftest.c >&5
configure:6101: $? = 0
configure:6118: result: yes
configure:6073: checking for inttypes.h
configure:6094: gcc -c -g -O2  conftest.c >&5
configure:6101: $? = 0
configure:6118: result: yes
configure:6073: checking for stdint.h
configure:6094: gcc -c -g -O2  conftest.c >&5
configure:6101: $? = 0
configure:6118: result: yes
configure:6073: checking for unistd.h
configure:6094: gcc -c -g -O2  conftest.c >&5
configure:6101: $? = 0
configure:6118: result: yes
configure:6152: checking fcntl.h usability
configure:6169: gcc -c -g -O2  conftest.c >&5
configure:6176: $? = 0
configure:6190: result: yes
configure:6194: checking fcntl.h presence
configure:6209: gcc -E  conftest.c
configure:6216: $? = 0
configure:6230: result: yes
configure:6263: checking for fcntl.h
configure:6272: result: yes
configure:6141: checking for stdint.h
configure:6148: result: yes
configure:6141: checking for stdlib.h
configure:6148: result: yes
configure:6141: checking for string.h
configure:6148: result: yes
configure:6141: checking for unistd.h
configure:6148: result: yes
configure:6313: checking for stdbool.h that conforms to C99
configure:6408: gcc -c -g -O2  conftest.c >&5
configure:6415: $? = 0
configure:6430: result: yes
configure:6432: checking for _Bool
configure:6460: gcc -c -g -O2  conftest.c >&5
configure:6467: $? = 0
configure:6494: gcc -c -g -O2  conftest.c >&5
conftest.c: In function 'main':
conftest.c:63:20: error: expected expression before ')' token
configure:6501: $? = 1
configure: failed program was:
| /* confdefs.h.  */
| #define PACKAGE_NAME "vine"
| #define PACKAGE_TARNAME "vine"
| #define PACKAGE_VERSION "1.0"
| #define PACKAGE_STRING "vine 1.0"
| #define PACKAGE_BUGREPORT "bitblaze-users@googlegroups.com"
| #define PACKAGE "vine"
| #define VERSION "1.0"
| #define HAVE_LIBBFD 1
| #define HAVE_LIBIBERTY 1
| #define STDC_HEADERS 1
| #define HAVE_SYS_TYPES_H 1
| #define HAVE_SYS_STAT_H 1
| #define HAVE_STDLIB_H 1
| #define HAVE_STRING_H 1
| #define HAVE_MEMORY_H 1
| #define HAVE_STRINGS_H 1
| #define HAVE_INTTYPES_H 1
| #define HAVE_STDINT_H 1
| #define HAVE_UNISTD_H 1
| #define HAVE_FCNTL_H 1
| #define HAVE_STDINT_H 1
| #define HAVE_STDLIB_H 1
| #define HAVE_STRING_H 1
| #define HAVE_UNISTD_H 1
| /* end confdefs.h.  */
| #include <stdio.h>
| #ifdef HAVE_SYS_TYPES_H
| # include <sys/types.h>
| #endif
| #ifdef HAVE_SYS_STAT_H
| # include <sys/stat.h>
| #endif
| #ifdef STDC_HEADERS
| # include <stdlib.h>
| # include <stddef.h>
| #else
| # ifdef HAVE_STDLIB_H
| #  include <stdlib.h>
| # endif
| #endif
| #ifdef HAVE_STRING_H
| # if !defined STDC_HEADERS && defined HAVE_MEMORY_H
| #  include <memory.h>
| # endif
| # include <string.h>
| #endif
| #ifdef HAVE_STRINGS_H
| # include <strings.h>
| #endif
| #ifdef HAVE_INTTYPES_H
| # include <inttypes.h>
| #endif
| #ifdef HAVE_STDINT_H
| # include <stdint.h>
| #endif
| #ifdef HAVE_UNISTD_H
| # include <unistd.h>
| #endif
| int
| main ()
| {
| if (sizeof ((_Bool)))
| 	  return 0;
|   ;
|   return 0;
| }
configure:6524: result: yes
configure:6543: checking for an ANSI C-conforming const
configure:6618: gcc -c -g -O2  conftest.c >&5
configure:6625: $? = 0
configure:6640: result: yes
configure:6650: checking for size_t
configure:6678: gcc -c -g -O2  conftest.c >&5
configure:6685: $? = 0
configure:6712: gcc -c -g -O2  conftest.c >&5
conftest.c: In function 'main':
conftest.c:65:21: error: expected expression before ')' token
configure:6719: $? = 1
configure: failed program was:
| /* confdefs.h.  */
| #define PACKAGE_NAME "vine"
| #define PACKAGE_TARNAME "vine"
| #define PACKAGE_VERSION "1.0"
| #define PACKAGE_STRING "vine 1.0"
| #define PACKAGE_BUGREPORT "bitblaze-users@googlegroups.com"
| #define PACKAGE "vine"
| #define VERSION "1.0"
| #define HAVE_LIBBFD 1
| #define HAVE_LIBIBERTY 1
| #define STDC_HEADERS 1
| #define HAVE_SYS_TYPES_H 1
| #define HAVE_SYS_STAT_H 1
| #define HAVE_STDLIB_H 1
| #define HAVE_STRING_H 1
| #define HAVE_MEMORY_H 1
| #define HAVE_STRINGS_H 1
| #define HAVE_INTTYPES_H 1
| #define HAVE_STDINT_H 1
| #define HAVE_UNISTD_H 1
| #define HAVE_FCNTL_H 1
| #define HAVE_STDINT_H 1
| #define HAVE_STDLIB_H 1
| #define HAVE_STRING_H 1
| #define HAVE_UNISTD_H 1
| #define HAVE__BOOL 1
| #define HAVE_STDBOOL_H 1
| /* end confdefs.h.  */
| #include <stdio.h>
| #ifdef HAVE_SYS_TYPES_H
| # include <sys/types.h>
| #endif
| #ifdef HAVE_SYS_STAT_H
| # include <sys/stat.h>
| #endif
| #ifdef STDC_HEADERS
| # include <stdlib.h>
| # include <stddef.h>
| #else
| # ifdef HAVE_STDLIB_H
| #  include <stdlib.h>
| # endif
| #endif
| #ifdef HAVE_STRING_H
| # if !defined STDC_HEADERS && defined HAVE_MEMORY_H
| #  include <memory.h>
| # endif
| # include <string.h>
| #endif
| #ifdef HAVE_STRINGS_H
| # include <strings.h>
| #endif
| #ifdef HAVE_INTTYPES_H
| # include <inttypes.h>
| #endif
| #ifdef HAVE_STDINT_H
| # include <stdint.h>
| #endif
| #ifdef HAVE_UNISTD_H
| # include <unistd.h>
| #endif
| int
| main ()
| {
| if (sizeof ((size_t)))
| 	  return 0;
|   ;
|   return 0;
| }
configure:6742: result: yes
configure:6764: checking size of bfd_vma
configure:7075: gcc -o conftest -g -O2   conftest.c -liberty -lbfd  >&5
configure:7079: $? = 0
configure:7085: ./conftest
configure:7089: $? = 0
configure:7115: result: 8
configure:7132: checking for stdlib.h
configure:7139: result: yes
configure:7278: checking for GNU libc compatible malloc
configure:7312: gcc -o conftest -g -O2   conftest.c -liberty -lbfd  >&5
configure:7316: $? = 0
configure:7322: ./conftest
configure:7326: $? = 0
configure:7343: result: yes
configure:7371: checking for working memcmp
configure:7424: gcc -o conftest -g -O2   conftest.c -liberty -lbfd  >&5
configure:7428: $? = 0
configure:7434: ./conftest
configure:7438: $? = 0
configure:7455: result: yes
configure:7471: checking for bzero
configure:7527: gcc -o conftest -g -O2   conftest.c -liberty -lbfd  >&5
conftest.c:56:6: warning: conflicting types for built-in function 'bzero' [enabled by default]
configure:7534: $? = 0
configure:7556: result: yes
configure:7471: checking for memset
configure:7527: gcc -o conftest -g -O2   conftest.c -liberty -lbfd  >&5
conftest.c:57:6: warning: conflicting types for built-in function 'memset' [enabled by default]
configure:7534: $? = 0
configure:7556: result: yes
configure:7471: checking for strstr
configure:7527: gcc -o conftest -g -O2   conftest.c -liberty -lbfd  >&5
conftest.c:58:6: warning: conflicting types for built-in function 'strstr' [enabled by default]
configure:7534: $? = 0
configure:7556: result: yes
configure:7471: checking for strtoul
configure:7527: gcc -o conftest -g -O2   conftest.c -liberty -lbfd  >&5
configure:7534: $? = 0
configure:7556: result: yes
configure:7699: creating ./config.status

## ---------------------- ##
## Running config.status. ##
## ---------------------- ##

This file was extended by vine config.status 1.0, which was
generated by GNU Autoconf 2.63.  Invocation command line was

  CONFIG_FILES    = 
  CONFIG_HEADERS  = 
  CONFIG_LINKS    = 
  CONFIG_COMMANDS = 
  $ ./config.status 

on Artisanal

config.status:813: creating Makefile
config.status:813: creating libasmir/Makefile
config.status:813: creating libasmir/apps/Makefile
config.status:813: creating libasmir/src/Makefile
config.status:813: creating libasmir/config.h
config.status:1035: libasmir/config.h is unchanged
config.status:1087: executing depfiles commands

## ---------------- ##
## Cache variables. ##
## ---------------- ##

ac_cv_c_compiler_gnu=yes
ac_cv_c_const=yes
ac_cv_cxx_compiler_gnu=yes
ac_cv_env_CCC_set=
ac_cv_env_CCC_value=
ac_cv_env_CC_set=
ac_cv_env_CC_value=
ac_cv_env_CFLAGS_set=
ac_cv_env_CFLAGS_value=
ac_cv_env_CPPFLAGS_set=
ac_cv_env_CPPFLAGS_value=
ac_cv_env_CPP_set=
ac_cv_env_CPP_value=
ac_cv_env_CXXFLAGS_set=
ac_cv_env_CXXFLAGS_value=
ac_cv_env_CXX_set=
ac_cv_env_CXX_value=
ac_cv_env_LDFLAGS_set=
ac_cv_env_LDFLAGS_value=
ac_cv_env_LIBS_set=
ac_cv_env_LIBS_value=
ac_cv_env_build_alias_set=
ac_cv_env_build_alias_value=
ac_cv_env_host_alias_set=
ac_cv_env_host_alias_value=
ac_cv_env_target_alias_set=
ac_cv_env_target_alias_value=
ac_cv_func_bzero=yes
ac_cv_func_malloc_0_nonnull=yes
ac_cv_func_memcmp_working=yes
ac_cv_func_memset=yes
ac_cv_func_strstr=yes
ac_cv_func_strtoul=yes
ac_cv_header_fcntl_h=yes
ac_cv_header_inttypes_h=yes
ac_cv_header_memory_h=yes
ac_cv_header_stdbool_h=yes
ac_cv_header_stdc=yes
ac_cv_header_stdint_h=yes
ac_cv_header_stdlib_h=yes
ac_cv_header_string_h=yes
ac_cv_header_strings_h=yes
ac_cv_header_sys_stat_h=yes
ac_cv_header_sys_types_h=yes
ac_cv_header_unistd_h=yes
ac_cv_lib_bfd_bfd_init=yes
ac_cv_lib_iberty_xmalloc=yes
ac_cv_lib_vex_LibVEX_Version=no
ac_cv_objext=o
ac_cv_path_CAMLIDL=/usr/bin/camlidl
ac_cv_path_EGREP='/bin/grep -E'
ac_cv_path_GREP=/bin/grep
ac_cv_path_OCAMLC=/usr/bin/ocamlc
ac_cv_path_OCAMLC_OPT=/usr/bin/ocamlc.opt
ac_cv_path_OCAMLDEP=/usr/bin/ocamldep
ac_cv_path_OCAMLDEP_OPT=/usr/bin/ocamldep.opt
ac_cv_path_OCAMLDOC=/usr/bin/ocamldoc
ac_cv_path_OCAMLDOC_OPT=/usr/bin/ocamldoc.opt
ac_cv_path_OCAMLFIND=/usr/bin/ocamlfind
ac_cv_path_OCAMLLEX=/usr/bin/ocamllex
ac_cv_path_OCAMLLEX_OPT=/usr/bin/ocamllex.opt
ac_cv_path_OCAMLMKLIB=/usr/bin/ocamlmklib
ac_cv_path_OCAMLMKTOP=/usr/bin/ocamlmktop
ac_cv_path_OCAMLOPT=/usr/bin/ocamlopt
ac_cv_path_OCAMLOPT_OPT=/usr/bin/ocamlopt.opt
ac_cv_path_OCAMLYACC=/usr/bin/ocamlyacc
ac_cv_path_install='/usr/bin/install -c'
ac_cv_path_mkdir=/bin/mkdir
ac_cv_prog_AWK=gawk
ac_cv_prog_CPP='gcc -E'
ac_cv_prog_ac_ct_CC=gcc
ac_cv_prog_ac_ct_CXX=g++
ac_cv_prog_ac_ct_RANLIB=ranlib
ac_cv_prog_cc_c89=
ac_cv_prog_cc_g=yes
ac_cv_prog_cxx_g=yes
ac_cv_prog_latex=latex
ac_cv_prog_make_make_set=yes
ac_cv_sizeof_bfd_vma=8
ac_cv_type__Bool=yes
ac_cv_type_size_t=yes
am_cv_CC_dependencies_compiler_type=gcc3
am_cv_CXX_dependencies_compiler_type=gcc3

## ----------------- ##
## Output variables. ##
## ----------------- ##

ACLOCAL='${SHELL} /home/paul/vine/missing --run aclocal-1.10'
AMDEPBACKSLASH='\'
AMDEP_FALSE='#'
AMDEP_TRUE=''
AMTAR='${SHELL} /home/paul/vine/missing --run tar'
AUTOCONF='${SHELL} /home/paul/vine/missing --run autoconf'
AUTOHEADER='${SHELL} /home/paul/vine/missing --run autoheader'
AUTOMAKE='${SHELL} /home/paul/vine/missing --run automake-1.10'
AWK='gawk'
CAMLIDL='/usr/bin/camlidl'
CC='gcc'
CCDEPMODE='depmode=gcc3'
CFLAGS='-g -O2'
CPP='gcc -E'
CPPFLAGS=''
CXX='g++'
CXXDEPMODE='depmode=gcc3'
CXXFLAGS='-g -O2'
CYGPATH_W='echo'
DEFS='-DHAVE_CONFIG_H'
DEPDIR='.deps'
ECHO_C=''
ECHO_N='-n'
ECHO_T=''
EGREP='/bin/grep -E'
EXEEXT=''
GREP='/bin/grep'
INSTALL_DATA='${INSTALL} -m 644'
INSTALL_PROGRAM='${INSTALL}'
INSTALL_SCRIPT='${INSTALL}'
INSTALL_STRIP_PROGRAM='$(install_sh) -c -s'
LDFLAGS=''
LIBOBJS=''
LIBS='-liberty -lbfd '
LTLIBOBJS=''
MAKEINFO='${SHELL} /home/paul/vine/missing --run makeinfo'
MKDIR_P='/bin/mkdir -p'
OBJEXT='o'
OCAMLC='/usr/bin/ocamlc.opt'
OCAMLC_OPT='/usr/bin/ocamlc.opt'
OCAMLDEP='/usr/bin/ocamldep.opt'
OCAMLDEP_OPT='/usr/bin/ocamldep.opt'
OCAMLDOC='/usr/bin/ocamldoc.opt'
OCAMLDOC_OPT='/usr/bin/ocamldoc.opt'
OCAMLFIND='/usr/bin/ocamlfind'
OCAMLLEX='/usr/bin/ocamllex.opt'
OCAMLLEX_OPT='/usr/bin/ocamllex.opt'
OCAMLMKLIB='/usr/bin/ocamlmklib'
OCAMLMKTOP='/usr/bin/ocamlmktop'
OCAMLOPT='/usr/bin/ocamlopt.opt'
OCAMLOPT_OPT='/usr/bin/ocamlopt.opt'
OCAMLYACC='/usr/bin/ocamlyacc'
PACKAGE='vine'
PACKAGE_BUGREPORT='bitblaze-users@googlegroups.com'
PACKAGE_NAME='vine'
PACKAGE_STRING='vine 1.0'
PACKAGE_TARNAME='vine'
PACKAGE_VERSION='1.0'
PATH_SEPARATOR=':'
RANLIB='ranlib'
SET_MAKE=''
SHELL='/bin/bash'
STRIP=''
VERSION='1.0'
VEX_DIR='/home/paul/vine/VEX/'
ac_ct_CC='gcc'
ac_ct_CXX='g++'
am__fastdepCC_FALSE='#'
am__fastdepCC_TRUE=''
am__fastdepCXX_FALSE='#'
am__fastdepCXX_TRUE=''
am__include='include'
am__isrc=''
am__leading_dot='.'
am__quote=''
am__tar='${AMTAR} chof - "$$tardir"'
am__untar='${AMTAR} xf -'
bindir='${exec_prefix}/bin'
build_alias=''
datadir='${datarootdir}'
datarootdir='${prefix}/share'
docdir='${datarootdir}/doc/${PACKAGE_TARNAME}'
dvidir='${docdir}'
exec_prefix='${prefix}'
host_alias=''
htmldir='${docdir}'
includedir='${prefix}/include'
infodir='${datarootdir}/info'
install_sh='$(SHELL) /home/paul/vine/install-sh'
latex='latex'
libdir='${exec_prefix}/lib'
libexecdir='${exec_prefix}/libexec'
localedir='${datarootdir}/locale'
localstatedir='${prefix}/var'
mandir='${datarootdir}/man'
mkdir_p='/bin/mkdir -p'
oldincludedir='/usr/include'
pdfdir='${docdir}'
prefix='/usr/local'
program_transform_name='s,x,x,'
psdir='${docdir}'
sbindir='${exec_prefix}/sbin'
sharedstatedir='${prefix}/com'
sysconfdir='${prefix}/etc'
target_alias=''

## ----------- ##
## confdefs.h. ##
## ----------- ##

#define PACKAGE_NAME "vine"
#define PACKAGE_TARNAME "vine"
#define PACKAGE_VERSION "1.0"
#define PACKAGE_STRING "vine 1.0"
#define PACKAGE_BUGREPORT "bitblaze-users@googlegroups.com"
#define PACKAGE "vine"
#define VERSION "1.0"
#define HAVE_LIBBFD 1
#define HAVE_LIBIBERTY 1
#define STDC_HEADERS 1
#define HAVE_SYS_TYPES_H 1
#define HAVE_SYS_STAT_H 1
#define HAVE_STDLIB_H 1
#define HAVE_STRING_H 1
#define HAVE_MEMORY_H 1
#define HAVE_STRINGS_H 1
#define HAVE_INTTYPES_H 1
#define HAVE_STDINT_H 1
#define HAVE_UNISTD_H 1
#define HAVE_FCNTL_H 1
#define HAVE_STDINT_H 1
#define HAVE_STDLIB_H 1
#define HAVE_STRING_H 1
#define HAVE_UNISTD_H 1
#define HAVE__BOOL 1
#define HAVE_STDBOOL_H 1
#define VEX_VERSION 1856
#define SIZEOF_BFD_VMA 8
#define HAVE_STDLIB_H 1
#define HAVE_MALLOC 1
#define HAVE_BZERO 1
#define HAVE_MEMSET 1
#define HAVE_STRSTR 1
#define HAVE_STRTOUL 1

configure: exit 0
